{"/home/usuario/P6/src/ejercicio-1.ts":{"path":"/home/usuario/P6/src/ejercicio-1.ts","statementMap":{"0":{"start":{"line":2,"column":0},"end":{"line":2,"column":62}},"1":{"start":{"line":3,"column":0},"end":{"line":3,"column":206}},"2":{"start":{"line":7,"column":8},"end":{"line":7,"column":27}},"3":{"start":{"line":10,"column":8},"end":{"line":10,"column":26}},"4":{"start":{"line":13,"column":8},"end":{"line":13,"column":30}},"5":{"start":{"line":16,"column":22},"end":{"line":16,"column":46}},"6":{"start":{"line":17,"column":8},"end":{"line":19,"column":9}},"7":{"start":{"line":18,"column":12},"end":{"line":18,"column":40}},"8":{"start":{"line":22,"column":0},"end":{"line":22,"column":62}},"9":{"start":{"line":29,"column":8},"end":{"line":29,"column":25}},"10":{"start":{"line":30,"column":8},"end":{"line":30,"column":25}},"11":{"start":{"line":31,"column":8},"end":{"line":31,"column":27}},"12":{"start":{"line":32,"column":8},"end":{"line":32,"column":31}},"13":{"start":{"line":35,"column":0},"end":{"line":35,"column":24}},"14":{"start":{"line":40,"column":8},"end":{"line":40,"column":41}},"15":{"start":{"line":41,"column":8},"end":{"line":41,"column":33}},"16":{"start":{"line":44,"column":0},"end":{"line":44,"column":36}},"17":{"start":{"line":47,"column":8},"end":{"line":47,"column":22}},"18":{"start":{"line":50,"column":8},"end":{"line":50,"column":67}},"19":{"start":{"line":50,"column":45},"end":{"line":50,"column":65}},"20":{"start":{"line":53,"column":8},"end":{"line":53,"column":101}},"21":{"start":{"line":53,"column":45},"end":{"line":53,"column":99}},"22":{"start":{"line":56,"column":8},"end":{"line":56,"column":75}},"23":{"start":{"line":56,"column":45},"end":{"line":56,"column":73}},"24":{"start":{"line":59,"column":0},"end":{"line":59,"column":44}},"25":{"start":{"line":66,"column":8},"end":{"line":66,"column":27}},"26":{"start":{"line":67,"column":8},"end":{"line":67,"column":25}},"27":{"start":{"line":68,"column":8},"end":{"line":68,"column":27}},"28":{"start":{"line":69,"column":8},"end":{"line":69,"column":33}},"29":{"start":{"line":72,"column":0},"end":{"line":72,"column":22}},"30":{"start":{"line":75,"column":8},"end":{"line":75,"column":22}},"31":{"start":{"line":78,"column":8},"end":{"line":78,"column":65}},"32":{"start":{"line":78,"column":44},"end":{"line":78,"column":63}},"33":{"start":{"line":81,"column":8},"end":{"line":81,"column":100}},"34":{"start":{"line":81,"column":44},"end":{"line":81,"column":98}},"35":{"start":{"line":84,"column":8},"end":{"line":84,"column":67}},"36":{"start":{"line":84,"column":44},"end":{"line":84,"column":65}},"37":{"start":{"line":87,"column":0},"end":{"line":87,"column":42}},"38":{"start":{"line":94,"column":8},"end":{"line":94,"column":27}},"39":{"start":{"line":95,"column":8},"end":{"line":95,"column":25}},"40":{"start":{"line":96,"column":8},"end":{"line":96,"column":27}},"41":{"start":{"line":97,"column":8},"end":{"line":97,"column":33}},"42":{"start":{"line":100,"column":0},"end":{"line":100,"column":34}},"43":{"start":{"line":103,"column":8},"end":{"line":103,"column":29}},"44":{"start":{"line":106,"column":8},"end":{"line":106,"column":77}},"45":{"start":{"line":106,"column":50},"end":{"line":106,"column":75}},"46":{"start":{"line":109,"column":8},"end":{"line":109,"column":112}},"47":{"start":{"line":109,"column":50},"end":{"line":109,"column":110}},"48":{"start":{"line":112,"column":8},"end":{"line":112,"column":69}},"49":{"start":{"line":112,"column":42},"end":{"line":112,"column":67}},"50":{"start":{"line":115,"column":0},"end":{"line":115,"column":54}}},"fnMap":{"0":{"name":"(anonymous_0)","decl":{"start":{"line":6,"column":4},"end":{"line":6,"column":5}},"loc":{"start":{"line":6,"column":28},"end":{"line":8,"column":5}},"line":6},"1":{"name":"(anonymous_1)","decl":{"start":{"line":9,"column":4},"end":{"line":9,"column":5}},"loc":{"start":{"line":9,"column":13},"end":{"line":11,"column":5}},"line":9},"2":{"name":"(anonymous_2)","decl":{"start":{"line":12,"column":4},"end":{"line":12,"column":5}},"loc":{"start":{"line":12,"column":14},"end":{"line":14,"column":5}},"line":12},"3":{"name":"(anonymous_3)","decl":{"start":{"line":15,"column":4},"end":{"line":15,"column":5}},"loc":{"start":{"line":15,"column":17},"end":{"line":20,"column":5}},"line":15},"4":{"name":"(anonymous_4)","decl":{"start":{"line":28,"column":4},"end":{"line":28,"column":5}},"loc":{"start":{"line":28,"column":44},"end":{"line":33,"column":5}},"line":28},"5":{"name":"(anonymous_5)","decl":{"start":{"line":39,"column":4},"end":{"line":39,"column":5}},"loc":{"start":{"line":39,"column":40},"end":{"line":42,"column":5}},"line":39},"6":{"name":"(anonymous_6)","decl":{"start":{"line":46,"column":4},"end":{"line":46,"column":5}},"loc":{"start":{"line":46,"column":24},"end":{"line":48,"column":5}},"line":46},"7":{"name":"(anonymous_7)","decl":{"start":{"line":49,"column":4},"end":{"line":49,"column":5}},"loc":{"start":{"line":49,"column":23},"end":{"line":51,"column":5}},"line":49},"8":{"name":"(anonymous_8)","decl":{"start":{"line":50,"column":33},"end":{"line":50,"column":34}},"loc":{"start":{"line":50,"column":45},"end":{"line":50,"column":65}},"line":50},"9":{"name":"(anonymous_9)","decl":{"start":{"line":52,"column":4},"end":{"line":52,"column":5}},"loc":{"start":{"line":52,"column":23},"end":{"line":54,"column":5}},"line":52},"10":{"name":"(anonymous_10)","decl":{"start":{"line":53,"column":33},"end":{"line":53,"column":34}},"loc":{"start":{"line":53,"column":45},"end":{"line":53,"column":99}},"line":53},"11":{"name":"(anonymous_11)","decl":{"start":{"line":55,"column":4},"end":{"line":55,"column":5}},"loc":{"start":{"line":55,"column":25},"end":{"line":57,"column":5}},"line":55},"12":{"name":"(anonymous_12)","decl":{"start":{"line":56,"column":33},"end":{"line":56,"column":34}},"loc":{"start":{"line":56,"column":45},"end":{"line":56,"column":73}},"line":56},"13":{"name":"(anonymous_13)","decl":{"start":{"line":65,"column":4},"end":{"line":65,"column":5}},"loc":{"start":{"line":65,"column":46},"end":{"line":70,"column":5}},"line":65},"14":{"name":"(anonymous_14)","decl":{"start":{"line":74,"column":4},"end":{"line":74,"column":5}},"loc":{"start":{"line":74,"column":24},"end":{"line":76,"column":5}},"line":74},"15":{"name":"(anonymous_15)","decl":{"start":{"line":77,"column":4},"end":{"line":77,"column":5}},"loc":{"start":{"line":77,"column":23},"end":{"line":79,"column":5}},"line":77},"16":{"name":"(anonymous_16)","decl":{"start":{"line":78,"column":33},"end":{"line":78,"column":34}},"loc":{"start":{"line":78,"column":44},"end":{"line":78,"column":63}},"line":78},"17":{"name":"(anonymous_17)","decl":{"start":{"line":80,"column":4},"end":{"line":80,"column":5}},"loc":{"start":{"line":80,"column":23},"end":{"line":82,"column":5}},"line":80},"18":{"name":"(anonymous_18)","decl":{"start":{"line":81,"column":33},"end":{"line":81,"column":34}},"loc":{"start":{"line":81,"column":44},"end":{"line":81,"column":98}},"line":81},"19":{"name":"(anonymous_19)","decl":{"start":{"line":83,"column":4},"end":{"line":83,"column":5}},"loc":{"start":{"line":83,"column":25},"end":{"line":85,"column":5}},"line":83},"20":{"name":"(anonymous_20)","decl":{"start":{"line":84,"column":33},"end":{"line":84,"column":34}},"loc":{"start":{"line":84,"column":44},"end":{"line":84,"column":65}},"line":84},"21":{"name":"(anonymous_21)","decl":{"start":{"line":93,"column":4},"end":{"line":93,"column":5}},"loc":{"start":{"line":93,"column":46},"end":{"line":98,"column":5}},"line":93},"22":{"name":"(anonymous_22)","decl":{"start":{"line":102,"column":4},"end":{"line":102,"column":5}},"loc":{"start":{"line":102,"column":31},"end":{"line":104,"column":5}},"line":102},"23":{"name":"(anonymous_23)","decl":{"start":{"line":105,"column":4},"end":{"line":105,"column":5}},"loc":{"start":{"line":105,"column":23},"end":{"line":107,"column":5}},"line":105},"24":{"name":"(anonymous_24)","decl":{"start":{"line":106,"column":33},"end":{"line":106,"column":34}},"loc":{"start":{"line":106,"column":50},"end":{"line":106,"column":75}},"line":106},"25":{"name":"(anonymous_25)","decl":{"start":{"line":108,"column":4},"end":{"line":108,"column":5}},"loc":{"start":{"line":108,"column":23},"end":{"line":110,"column":5}},"line":108},"26":{"name":"(anonymous_26)","decl":{"start":{"line":109,"column":33},"end":{"line":109,"column":34}},"loc":{"start":{"line":109,"column":50},"end":{"line":109,"column":110}},"line":109},"27":{"name":"(anonymous_27)","decl":{"start":{"line":111,"column":4},"end":{"line":111,"column":5}},"loc":{"start":{"line":111,"column":25},"end":{"line":113,"column":5}},"line":111},"28":{"name":"(anonymous_28)","decl":{"start":{"line":112,"column":33},"end":{"line":112,"column":34}},"loc":{"start":{"line":112,"column":42},"end":{"line":112,"column":67}},"line":112}},"branchMap":{"0":{"loc":{"start":{"line":6,"column":16},"end":{"line":6,"column":26}},"type":"default-arg","locations":[{"start":{"line":6,"column":24},"end":{"line":6,"column":26}}],"line":6},"1":{"loc":{"start":{"line":17,"column":8},"end":{"line":19,"column":9}},"type":"if","locations":[{"start":{"line":17,"column":8},"end":{"line":19,"column":9}},{"start":{"line":17,"column":8},"end":{"line":19,"column":9}}],"line":17}},"s":{"0":1,"1":1,"2":3,"3":0,"4":0,"5":0,"6":0,"7":0,"8":1,"9":3,"10":3,"11":3,"12":3,"13":1,"14":0,"15":0,"16":1,"17":1,"18":1,"19":3,"20":1,"21":3,"22":1,"23":3,"24":1,"25":3,"26":3,"27":3,"28":3,"29":1,"30":1,"31":1,"32":3,"33":1,"34":3,"35":1,"36":3,"37":1,"38":3,"39":3,"40":3,"41":3,"42":1,"43":1,"44":1,"45":3,"46":0,"47":0,"48":1,"49":3,"50":1},"f":{"0":3,"1":0,"2":0,"3":0,"4":3,"5":0,"6":1,"7":1,"8":3,"9":1,"10":3,"11":1,"12":3,"13":3,"14":1,"15":1,"16":3,"17":1,"18":3,"19":1,"20":3,"21":3,"22":1,"23":1,"24":3,"25":0,"26":0,"27":1,"28":3},"b":{"0":[0],"1":[0,0]},"inputSourceMap":{"version":3,"file":"/home/usuario/P6/src/ejercicio-1.ts","sources":["/home/usuario/P6/src/ejercicio-1.ts"],"names":[],"mappings":";;;AAYA,MAAsB,yBAAyB;IACnC,KAAK,CAAM;IAErB,YAAY,QAAa,EAAE;QACzB,IAAI,CAAC,KAAK,GAAG,KAAK,CAAC;IACrB,CAAC;IAED,MAAM;QACJ,OAAO,IAAI,CAAC,KAAK,CAAC;IACpB,CAAC;IAED,GAAG,CAAC,IAAO;QACT,IAAI,CAAC,KAAK,CAAC,IAAI,CAAC,IAAI,CAAC,CAAC;IACxB,CAAC;IAED,MAAM,CAAC,IAAO;QACZ,MAAM,KAAK,GAAG,IAAI,CAAC,KAAK,CAAC,OAAO,CAAC,IAAI,CAAC,CAAC;QACvC,IAAI,KAAK,KAAK,CAAC,CAAC,EAAE;YAChB,IAAI,CAAC,KAAK,CAAC,MAAM,CAAC,KAAK,EAAE,CAAC,CAAC,CAAC;SAC7B;IACH,CAAC;CAKF;AAzBD,8DAyBC;AAED,MAAa,MAAM;IACE;IAAqB;IAAqB;IAAqB;IAAlF,YAAmB,IAAY,EAAS,IAAY,EAAS,KAAa,EAAQ,OAAe;QAA9E,SAAI,GAAJ,IAAI,CAAQ;QAAS,SAAI,GAAJ,IAAI,CAAQ;QAAS,UAAK,GAAL,KAAK,CAAQ;QAAQ,YAAO,GAAP,OAAO,CAAQ;IAAG,CAAC;CACtG;AAFD,wBAEC;AAED,MAAa,YAAY;IACJ;IAA6B;IAAhD,YAAmB,YAAoB,EAAS,QAAgB;QAA7C,iBAAY,GAAZ,YAAY,CAAQ;QAAS,aAAQ,GAAR,QAAQ,CAAQ;IAAG,CAAC;CACrE;AAFD,oCAEC;AAED,MAAa,gBAAiB,SAAQ,yBAAiC;IACrE,YAAY,MAAgB;QAC1B,KAAK,CAAC,MAAM,CAAC,CAAC;IAChB,CAAC;IAED,YAAY,CAAC,IAAY;QACvB,OAAO,IAAI,CAAC,KAAK,CAAC,MAAM,CAAC,CAAC,MAAM,EAAE,EAAE,CAAC,MAAM,CAAC,IAAI,KAAK,IAAI,CAAC,CAAC;IAC7D,CAAC;IAED,YAAY,CAAC,IAAY;QACvB,OAAO,IAAI,CAAC,KAAK,CAAC,MAAM,CAAC,CAAC,MAAM,EAAE,EAAE,CAAC,MAAM,CAAC,IAAI,CAAC,WAAW,EAAE,CAAC,QAAQ,CAAC,IAAI,CAAC,WAAW,EAAE,CAAC,CAAC,CAAC;IAC/F,CAAC;IACD,aAAa,CAAC,KAAa;QACzB,OAAO,IAAI,CAAC,KAAK,CAAC,MAAM,CAAC,CAAC,MAAM,EAAE,EAAE,CAAC,MAAM,CAAC,KAAK,CAAC,QAAQ,CAAC,KAAK,CAAC,CAAC,CAAC;IACrE,CAAC;CACF;AAfD,4CAeC;AAED,MAAa,KAAK;IACG;IAAsB;IAAqB;IAAqB;IAAnF,YAAmB,KAAa,EAAS,IAAY,EAAS,KAAa,EAAQ,QAAgB;QAAhF,UAAK,GAAL,KAAK,CAAQ;QAAS,SAAI,GAAJ,IAAI,CAAQ;QAAS,UAAK,GAAL,KAAK,CAAQ;QAAQ,aAAQ,GAAR,QAAQ,CAAQ;IAAG,CAAC;CACxG;AAFD,sBAEC;AAED,MAAa,eAAgB,SAAQ,yBAAgC;IACnE,YAAY,MAAe;QACzB,KAAK,CAAC,MAAM,CAAC,CAAC;IAChB,CAAC;IAED,YAAY,CAAC,IAAY;QACvB,OAAO,IAAI,CAAC,KAAK,CAAC,MAAM,CAAC,CAAC,KAAK,EAAE,EAAE,CAAC,KAAK,CAAC,IAAI,KAAK,IAAI,CAAC,CAAC;IAC3D,CAAC;IAED,YAAY,CAAC,IAAY;QACvB,OAAO,IAAI,CAAC,KAAK,CAAC,MAAM,CAAC,CAAC,KAAK,EAAE,EAAE,CAAC,KAAK,CAAC,KAAK,CAAC,WAAW,EAAE,CAAC,QAAQ,CAAC,IAAI,CAAC,WAAW,EAAE,CAAC,CAAC,CAAC;IAC9F,CAAC;IAED,aAAa,CAAC,KAAa;QACzB,OAAO,IAAI,CAAC,KAAK,CAAC,MAAM,CAAC,CAAC,KAAK,EAAE,EAAE,CAAC,KAAK,CAAC,KAAK,KAAK,KAAK,CAAC,CAAC;IAC7D,CAAC;CACF;AAhBD,0CAgBC;AAED,MAAa,WAAW;IACH;IAAsB;IAAqB;IAAsB;IAApF,YAAmB,KAAa,EAAS,IAAY,EAAS,KAAa,EAAS,QAAgB;QAAjF,UAAK,GAAL,KAAK,CAAQ;QAAS,SAAI,GAAJ,IAAI,CAAQ;QAAS,UAAK,GAAL,KAAK,CAAQ;QAAS,aAAQ,GAAR,QAAQ,CAAQ;IAAG,CAAC;CACzG;AAFD,kCAEC;AAED,MAAa,qBAAsB,SAAQ,yBAAsC;IAC/E,YAAY,aAA4B;QACtC,KAAK,CAAC,aAAa,CAAC,CAAC;IACvB,CAAC;IAED,YAAY,CAAC,IAAY;QACvB,OAAO,IAAI,CAAC,KAAK,CAAC,MAAM,CAAC,CAAC,WAAW,EAAE,EAAE,CAAC,WAAW,CAAC,IAAI,KAAK,IAAI,CAAC,CAAC;IACvE,CAAC;IAED,YAAY,CAAC,IAAY;QACvB,OAAO,IAAI,CAAC,KAAK,CAAC,MAAM,CAAC,CAAC,WAAW,EAAE,EAAE,CAAC,WAAW,CAAC,KAAK,CAAC,WAAW,EAAE,CAAC,QAAQ,CAAC,IAAI,CAAC,WAAW,EAAE,CAAC,CAAC,CAAC;IAC1G,CAAC;IACD,aAAa,CAAC,KAAa;QACzB,OAAO,IAAI,CAAC,KAAK,CAAC,MAAM,CAAC,CAAC,GAAG,EAAE,EAAE,CAAC,GAAG,CAAC,KAAK,CAAC,QAAQ,CAAC,KAAK,CAAC,CAAC,CAAC;IAC/D,CAAC;CACF;AAfD,sDAeC","sourcesContent":["interface Searchable<T> {\n  searchByYear(year: number): T[];\n  searchByName(name: string): T[];\n  searchByGenre(genre: string): T[];\n}\n\ninterface Streamable<T> extends Searchable<T> {\n  getAll(): T[];\n  add(item: T): void;\n  remove(item: T): void;\n}\n\nexport abstract class BasicStreamableCollection<T> implements Streamable<T> {\n  protected items: T[];\n\n  constructor(items: T[] = []) {\n    this.items = items;\n  }\n\n  getAll(): T[] {\n    return this.items;\n  }\n\n  add(item: T): void {\n    this.items.push(item);\n  }\n\n  remove(item: T): void {\n    const index = this.items.indexOf(item);\n    if (index !== -1) {\n      this.items.splice(index, 1);\n    }\n  }\n\n  abstract searchByYear(year: number): T[];\n  abstract searchByName(name: string): T[];\n  abstract searchByGenre(genre: string): T[];\n}\n\nexport class Series {\n  constructor(public name: string, public year: number, public genre: string,public seasons: number) {}\n}\n\nexport class SeriesSeason {\n  constructor(public seasonNumber: number, public episodes: number) {}\n}\n\nexport class SeriesCollection extends BasicStreamableCollection<Series> implements Searchable<Series> {\n  constructor(series: Series[]) {\n    super(series);\n  }\n\n  searchByYear(year: number): Series[] {\n    return this.items.filter((series) => series.year === year);\n  }\n\n  searchByName(name: string): Series[] {\n    return this.items.filter((series) => series.name.toLowerCase().includes(name.toLowerCase()));\n  }\n  searchByGenre(genre: string): Series[] {\n    return this.items.filter((series) => series.genre.includes(genre));\n  }\n}\n\nexport class Movie {\n  constructor(public title: string, public year: number, public genre: string,public director: string) {}\n}\n\nexport class MovieCollection extends BasicStreamableCollection<Movie> implements Searchable<Movie> {\n  constructor(movies: Movie[]) {\n    super(movies);\n  }\n\n  searchByYear(year: number): Movie[] {\n    return this.items.filter((movie) => movie.year === year);\n  }\n\n  searchByName(name: string): Movie[] {\n    return this.items.filter((movie) => movie.title.toLowerCase().includes(name.toLowerCase()));\n  }\n  \n  searchByGenre(genre: string): Movie[] {\n    return this.items.filter((movie) => movie.genre === genre);\n  }\n}\n\nexport class Documentary {\n  constructor(public title: string, public year: number, public genre: string, public narrator: string) {}\n}\n\nexport class DocumentaryCollection extends BasicStreamableCollection<Documentary> implements Searchable<Documentary> {\n  constructor(documentaries: Documentary[]) {\n    super(documentaries);\n  }\n\n  searchByYear(year: number): Documentary[] {\n    return this.items.filter((documentary) => documentary.year === year);\n  }\n\n  searchByName(name: string): Documentary[] {\n    return this.items.filter((documentary) => documentary.title.toLowerCase().includes(name.toLowerCase()));\n  }\n  searchByGenre(genre: string): Documentary[] {\n    return this.items.filter((doc) => doc.genre.includes(genre));\n  }\n}\n"]},"_coverageSchema":"1a1c01bbd47fc00a2c39e90264f33305004495a9","hash":"3bf2b4535dafa3ac0b293aed9bed29d61f5e0ab7","contentHash":"fe082eba7675390b60248421479943b49b8a64de995bbb9a4fa7ac1e9906556b"},"/home/usuario/P6/src/ejercicio-2.ts":{"path":"/home/usuario/P6/src/ejercicio-2.ts","statementMap":{"0":{"start":{"line":2,"column":0},"end":{"line":2,"column":62}},"1":{"start":{"line":3,"column":0},"end":{"line":3,"column":22}},"2":{"start":{"line":7,"column":8},"end":{"line":7,"column":49}},"3":{"start":{"line":10,"column":8},"end":{"line":10,"column":46}},"4":{"start":{"line":13,"column":29},"end":{"line":13,"column":53}},"5":{"start":{"line":14,"column":8},"end":{"line":16,"column":9}},"6":{"start":{"line":15,"column":12},"end":{"line":15,"column":38}},"7":{"start":{"line":17,"column":8},"end":{"line":17,"column":28}},"8":{"start":{"line":20,"column":25},"end":{"line":20,"column":35}},"9":{"start":{"line":21,"column":8},"end":{"line":25,"column":9}},"10":{"start":{"line":22,"column":12},"end":{"line":24,"column":13}},"11":{"start":{"line":23,"column":16},"end":{"line":23,"column":38}},"12":{"start":{"line":26,"column":8},"end":{"line":26,"column":24}},"13":{"start":{"line":29,"column":8},"end":{"line":29,"column":36}},"14":{"start":{"line":32,"column":23},"end":{"line":32,"column":33}},"15":{"start":{"line":33,"column":8},"end":{"line":35,"column":9}},"16":{"start":{"line":34,"column":12},"end":{"line":34,"column":43}},"17":{"start":{"line":36,"column":8},"end":{"line":36,"column":22}},"18":{"start":{"line":39,"column":26},"end":{"line":39,"column":44}},"19":{"start":{"line":40,"column":8},"end":{"line":42,"column":9}},"20":{"start":{"line":41,"column":12},"end":{"line":41,"column":56}},"21":{"start":{"line":43,"column":8},"end":{"line":43,"column":27}},"22":{"start":{"line":46,"column":25},"end":{"line":46,"column":35}},"23":{"start":{"line":47,"column":8},"end":{"line":49,"column":9}},"24":{"start":{"line":47,"column":21},"end":{"line":47,"column":38}},"25":{"start":{"line":48,"column":12},"end":{"line":48,"column":43}},"26":{"start":{"line":50,"column":8},"end":{"line":50,"column":24}},"27":{"start":{"line":53,"column":8},"end":{"line":55,"column":9}},"28":{"start":{"line":54,"column":12},"end":{"line":54,"column":31}},"29":{"start":{"line":58,"column":8},"end":{"line":58,"column":36}},"30":{"start":{"line":61,"column":8},"end":{"line":61,"column":37}},"31":{"start":{"line":64,"column":0},"end":{"line":64,"column":20}}},"fnMap":{"0":{"name":"(anonymous_0)","decl":{"start":{"line":6,"column":4},"end":{"line":6,"column":5}},"loc":{"start":{"line":6,"column":26},"end":{"line":8,"column":5}},"line":6},"1":{"name":"(anonymous_1)","decl":{"start":{"line":9,"column":4},"end":{"line":9,"column":5}},"loc":{"start":{"line":9,"column":17},"end":{"line":11,"column":5}},"line":9},"2":{"name":"(anonymous_2)","decl":{"start":{"line":12,"column":4},"end":{"line":12,"column":5}},"loc":{"start":{"line":12,"column":26},"end":{"line":18,"column":5}},"line":12},"3":{"name":"(anonymous_3)","decl":{"start":{"line":19,"column":4},"end":{"line":19,"column":5}},"loc":{"start":{"line":19,"column":22},"end":{"line":27,"column":5}},"line":19},"4":{"name":"(anonymous_4)","decl":{"start":{"line":28,"column":4},"end":{"line":28,"column":5}},"loc":{"start":{"line":28,"column":13},"end":{"line":30,"column":5}},"line":28},"5":{"name":"(anonymous_5)","decl":{"start":{"line":31,"column":4},"end":{"line":31,"column":5}},"loc":{"start":{"line":31,"column":19},"end":{"line":37,"column":5}},"line":31},"6":{"name":"(anonymous_6)","decl":{"start":{"line":38,"column":4},"end":{"line":38,"column":5}},"loc":{"start":{"line":38,"column":40},"end":{"line":44,"column":5}},"line":38},"7":{"name":"(anonymous_7)","decl":{"start":{"line":45,"column":4},"end":{"line":45,"column":5}},"loc":{"start":{"line":45,"column":14},"end":{"line":51,"column":5}},"line":45},"8":{"name":"(anonymous_8)","decl":{"start":{"line":52,"column":4},"end":{"line":52,"column":5}},"loc":{"start":{"line":52,"column":23},"end":{"line":56,"column":5}},"line":52},"9":{"name":"(anonymous_9)","decl":{"start":{"line":57,"column":4},"end":{"line":57,"column":5}},"loc":{"start":{"line":57,"column":17},"end":{"line":59,"column":5}},"line":57},"10":{"name":"(anonymous_10)","decl":{"start":{"line":60,"column":4},"end":{"line":60,"column":5}},"loc":{"start":{"line":60,"column":14},"end":{"line":62,"column":5}},"line":60}},"branchMap":{"0":{"loc":{"start":{"line":7,"column":24},"end":{"line":7,"column":48}},"type":"cond-expr","locations":[{"start":{"line":7,"column":35},"end":{"line":7,"column":43}},{"start":{"line":7,"column":46},"end":{"line":7,"column":48}}],"line":7},"1":{"loc":{"start":{"line":22,"column":12},"end":{"line":24,"column":13}},"type":"if","locations":[{"start":{"line":22,"column":12},"end":{"line":24,"column":13}},{"start":{"line":22,"column":12},"end":{"line":24,"column":13}}],"line":22}},"s":{"0":1,"1":1,"2":16,"3":3,"4":1,"5":1,"6":2,"7":1,"8":1,"9":1,"10":5,"11":2,"12":1,"13":2,"14":1,"15":1,"16":3,"17":1,"18":1,"19":1,"20":5,"21":1,"22":1,"23":1,"24":1,"25":3,"26":1,"27":1,"28":3,"29":9,"30":10,"31":1},"f":{"0":16,"1":3,"2":1,"3":1,"4":2,"5":1,"6":1,"7":1,"8":1,"9":9,"10":10},"b":{"0":[13,3],"1":[2,3]},"inputSourceMap":{"version":3,"file":"/home/usuario/P6/src/ejercicio-2.ts","sources":["/home/usuario/P6/src/ejercicio-2.ts"],"names":[],"mappings":";;;AAAA,MAAa,IAAI;IACP,QAAQ,CAAM;IAEtB,YAAY,QAAc;QACxB,IAAI,CAAC,QAAQ,GAAG,QAAQ,CAAC,CAAC,CAAC,QAAQ,CAAC,CAAC,CAAC,EAAE,CAAC;IAC3C,CAAC;IAEM,MAAM,CAAC,IAAa;QACzB,IAAI,CAAC,QAAQ,CAAC,IAAI,CAAC,GAAG,IAAI,CAAC,OAAO,EAAE,CAAC,CAAC;IACxC,CAAC;IAEM,WAAW,CAAC,GAAG,KAAgB;QACpC,MAAM,YAAY,GAAG,IAAI,IAAI,CAAC,IAAI,CAAC,OAAO,EAAE,CAAC,CAAC;QAC9C,KAAK,MAAM,IAAI,IAAI,KAAK,EAAE;YACxB,YAAY,CAAC,MAAM,CAAC,IAAI,CAAC,CAAC;SAC3B;QACD,OAAO,YAAY,CAAC;IACtB,CAAC;IAEM,MAAM,CAAC,SAAkC;QAC9C,MAAM,QAAQ,GAAG,IAAI,IAAI,EAAK,CAAC;QAC/B,KAAK,MAAM,OAAO,IAAI,IAAI,CAAC,QAAQ,EAAE;YACnC,IAAI,SAAS,CAAC,OAAO,CAAC,EAAE;gBACtB,QAAQ,CAAC,GAAG,CAAC,OAAO,CAAC,CAAC;aACvB;SACF;QACD,OAAO,QAAQ,CAAC;IAClB,CAAC;IAEM,MAAM;QACX,OAAO,IAAI,CAAC,QAAQ,CAAC,MAAM,CAAC;IAC9B,CAAC;IAEM,GAAG,CAAI,SAA4B;QACxC,MAAM,MAAM,GAAG,IAAI,IAAI,EAAK,CAAC;QAC7B,KAAK,MAAM,OAAO,IAAI,IAAI,CAAC,QAAQ,EAAE;YACnC,MAAM,CAAC,GAAG,CAAC,SAAS,CAAC,OAAO,CAAC,CAAC,CAAC;SAChC;QACD,OAAO,MAAM,CAAC;IAChB,CAAC;IAEM,MAAM,CAAI,OAA0C,EAAE,kBAAqB;QAChF,IAAI,WAAW,GAAG,kBAAkB,CAAC;QACrC,KAAK,MAAM,OAAO,IAAI,IAAI,CAAC,QAAQ,EAAE;YACnC,WAAW,GAAG,OAAO,CAAC,WAAW,EAAE,OAAO,CAAC,CAAC;SAC7C;QACD,OAAO,WAAW,CAAC;IACrB,CAAC;IAEM,OAAO;QACZ,MAAM,QAAQ,GAAG,IAAI,IAAI,EAAK,CAAC;QAC/B,KAAK,IAAI,CAAC,GAAG,IAAI,CAAC,MAAM,EAAE,GAAG,CAAC,EAAE,CAAC,IAAI,CAAC,EAAE,CAAC,EAAE,EAAE;YAC3C,QAAQ,CAAC,GAAG,CAAC,IAAI,CAAC,QAAQ,CAAC,CAAC,CAAC,CAAC,CAAC;SAChC;QACD,OAAO,QAAQ,CAAC;IAClB,CAAC;IAEM,OAAO,CAAC,SAA+B;QAC5C,KAAK,MAAM,OAAO,IAAI,IAAI,CAAC,QAAQ,EAAE;YACnC,SAAS,CAAC,OAAO,CAAC,CAAC;SACpB;IACH,CAAC;IAEM,GAAG,CAAC,OAAU;QACnB,IAAI,CAAC,QAAQ,CAAC,IAAI,CAAC,OAAO,CAAC,CAAC;IAC9B,CAAC;IAEM,OAAO;QACZ,OAAO,IAAI,CAAC,QAAQ,CAAC,KAAK,EAAE,CAAC;IAC/B,CAAC;CACF;AAtED,oBAsEC","sourcesContent":["export class List<T> {\n  private elements: T[];\n\n  constructor(elements?: T[]) {\n    this.elements = elements ? elements : [];\n  }\n\n  public append(list: List<T>): void {\n    this.elements.push(...list.toArray());\n  }\n\n  public concatenate(...lists: List<T>[]): List<T> {\n    const concatenated = new List(this.toArray());\n    for (const list of lists) {\n      concatenated.append(list);\n    }\n    return concatenated;\n  }\n\n  public filter(predicate: (element: T) => boolean): List<T> {\n    const filtered = new List<T>();\n    for (const element of this.elements) {\n      if (predicate(element)) {\n        filtered.add(element);\n      }\n    }\n    return filtered;\n  }\n\n  public length(): number {\n    return this.elements.length;\n  }\n\n  public map<U>(transform: (element: T) => U): List<U> {\n    const mapped = new List<U>();\n    for (const element of this.elements) {\n      mapped.add(transform(element));\n    }\n    return mapped;\n  }\n\n  public reduce<U>(reducer: (accumulator: U, current: T) => U, initialAccumulator: U): U {\n    let accumulator = initialAccumulator;\n    for (const element of this.elements) {\n      accumulator = reducer(accumulator, element);\n    }\n    return accumulator;\n  }\n\n  public reverse(): List<T> {\n    const reversed = new List<T>();\n    for (let i = this.length() - 1; i >= 0; i--) {\n      reversed.add(this.elements[i]);\n    }\n    return reversed;\n  }\n\n  public forEach(operation: (element: T) => void): void {\n    for (const element of this.elements) {\n      operation(element);\n    }\n  }\n\n  public add(element: T): void {\n    this.elements.push(element);\n  }\n\n  public toArray(): T[] {\n    return this.elements.slice();\n  }\n}\n"]},"_coverageSchema":"1a1c01bbd47fc00a2c39e90264f33305004495a9","hash":"d9c024a2fa0ce912b812427a0fa5362238e09042","contentHash":"bf29b621f2626715133c7ba1709c1d226929584116e69ce7ab2398a9835600a2"},"/home/usuario/P6/src/ejercicio-3.ts":{"path":"/home/usuario/P6/src/ejercicio-3.ts","statementMap":{"0":{"start":{"line":2,"column":0},"end":{"line":2,"column":62}},"1":{"start":{"line":3,"column":0},"end":{"line":3,"column":102}},"2":{"start":{"line":10,"column":8},"end":{"line":10,"column":29}},"3":{"start":{"line":11,"column":8},"end":{"line":11,"column":45}},"4":{"start":{"line":12,"column":8},"end":{"line":12,"column":35}},"5":{"start":{"line":13,"column":8},"end":{"line":13,"column":31}},"6":{"start":{"line":14,"column":8},"end":{"line":14,"column":37}},"7":{"start":{"line":17,"column":0},"end":{"line":17,"column":22}},"8":{"start":{"line":20,"column":8},"end":{"line":20,"column":49}},"9":{"start":{"line":21,"column":8},"end":{"line":21,"column":31}},"10":{"start":{"line":24,"column":0},"end":{"line":24,"column":34}},"11":{"start":{"line":30,"column":8},"end":{"line":30,"column":29}},"12":{"start":{"line":31,"column":8},"end":{"line":31,"column":49}},"13":{"start":{"line":32,"column":8},"end":{"line":32,"column":39}},"14":{"start":{"line":35,"column":0},"end":{"line":35,"column":26}},"15":{"start":{"line":38,"column":22},"end":{"line":38,"column":76}},"16":{"start":{"line":38,"column":51},"end":{"line":38,"column":75}},"17":{"start":{"line":39,"column":8},"end":{"line":44,"column":9}},"18":{"start":{"line":40,"column":12},"end":{"line":40,"column":89}},"19":{"start":{"line":43,"column":12},"end":{"line":43,"column":107}},"20":{"start":{"line":47,"column":22},"end":{"line":47,"column":76}},"21":{"start":{"line":47,"column":51},"end":{"line":47,"column":75}},"22":{"start":{"line":48,"column":8},"end":{"line":62,"column":9}},"23":{"start":{"line":49,"column":38},"end":{"line":49,"column":125}},"24":{"start":{"line":49,"column":89},"end":{"line":49,"column":121}},"25":{"start":{"line":50,"column":36},"end":{"line":57,"column":19}},"26":{"start":{"line":52,"column":46},"end":{"line":54,"column":27}},"27":{"start":{"line":53,"column":78},"end":{"line":53,"column":110}},"28":{"start":{"line":55,"column":20},"end":{"line":55,"column":79}},"29":{"start":{"line":58,"column":12},"end":{"line":58,"column":55}},"30":{"start":{"line":61,"column":12},"end":{"line":61,"column":107}},"31":{"start":{"line":65,"column":22},"end":{"line":65,"column":76}},"32":{"start":{"line":65,"column":51},"end":{"line":65,"column":75}},"33":{"start":{"line":66,"column":8},"end":{"line":82,"column":9}},"34":{"start":{"line":67,"column":44},"end":{"line":67,"column":149}},"35":{"start":{"line":67,"column":101},"end":{"line":67,"column":145}},"36":{"start":{"line":68,"column":42},"end":{"line":77,"column":19}},"37":{"start":{"line":70,"column":52},"end":{"line":72,"column":27}},"38":{"start":{"line":71,"column":84},"end":{"line":71,"column":128}},"39":{"start":{"line":73,"column":20},"end":{"line":75,"column":49}},"40":{"start":{"line":78,"column":12},"end":{"line":78,"column":67}},"41":{"start":{"line":81,"column":12},"end":{"line":81,"column":107}},"42":{"start":{"line":85,"column":0},"end":{"line":85,"column":34}},"43":{"start":{"line":93,"column":8},"end":{"line":93,"column":29}},"44":{"start":{"line":94,"column":8},"end":{"line":94,"column":33}},"45":{"start":{"line":95,"column":8},"end":{"line":95,"column":31}},"46":{"start":{"line":96,"column":8},"end":{"line":96,"column":45}},"47":{"start":{"line":97,"column":8},"end":{"line":97,"column":35}},"48":{"start":{"line":98,"column":8},"end":{"line":98,"column":41}},"49":{"start":{"line":102,"column":0},"end":{"line":102,"column":24}}},"fnMap":{"0":{"name":"(anonymous_0)","decl":{"start":{"line":9,"column":4},"end":{"line":9,"column":5}},"loc":{"start":{"line":9,"column":60},"end":{"line":15,"column":5}},"line":9},"1":{"name":"(anonymous_1)","decl":{"start":{"line":19,"column":4},"end":{"line":19,"column":5}},"loc":{"start":{"line":19,"column":60},"end":{"line":22,"column":5}},"line":19},"2":{"name":"(anonymous_2)","decl":{"start":{"line":29,"column":4},"end":{"line":29,"column":5}},"loc":{"start":{"line":29,"column":55},"end":{"line":33,"column":5}},"line":29},"3":{"name":"(anonymous_3)","decl":{"start":{"line":37,"column":4},"end":{"line":37,"column":5}},"loc":{"start":{"line":37,"column":37},"end":{"line":45,"column":5}},"line":37},"4":{"name":"(anonymous_4)","decl":{"start":{"line":38,"column":44},"end":{"line":38,"column":45}},"loc":{"start":{"line":38,"column":51},"end":{"line":38,"column":75}},"line":38},"5":{"name":"(anonymous_5)","decl":{"start":{"line":46,"column":4},"end":{"line":46,"column":5}},"loc":{"start":{"line":46,"column":31},"end":{"line":63,"column":5}},"line":46},"6":{"name":"(anonymous_6)","decl":{"start":{"line":47,"column":44},"end":{"line":47,"column":45}},"loc":{"start":{"line":47,"column":51},"end":{"line":47,"column":75}},"line":47},"7":{"name":"(anonymous_7)","decl":{"start":{"line":49,"column":61},"end":{"line":49,"column":62}},"loc":{"start":{"line":49,"column":89},"end":{"line":49,"column":121}},"line":49},"8":{"name":"(anonymous_8)","decl":{"start":{"line":51,"column":39},"end":{"line":51,"column":40}},"loc":{"start":{"line":51,"column":66},"end":{"line":56,"column":17}},"line":51},"9":{"name":"(anonymous_9)","decl":{"start":{"line":53,"column":50},"end":{"line":53,"column":51}},"loc":{"start":{"line":53,"column":78},"end":{"line":53,"column":110}},"line":53},"10":{"name":"(anonymous_10)","decl":{"start":{"line":64,"column":4},"end":{"line":64,"column":5}},"loc":{"start":{"line":64,"column":37},"end":{"line":83,"column":5}},"line":64},"11":{"name":"(anonymous_11)","decl":{"start":{"line":65,"column":44},"end":{"line":65,"column":45}},"loc":{"start":{"line":65,"column":51},"end":{"line":65,"column":75}},"line":65},"12":{"name":"(anonymous_12)","decl":{"start":{"line":67,"column":67},"end":{"line":67,"column":68}},"loc":{"start":{"line":67,"column":101},"end":{"line":67,"column":145}},"line":67},"13":{"name":"(anonymous_13)","decl":{"start":{"line":69,"column":39},"end":{"line":69,"column":40}},"loc":{"start":{"line":69,"column":72},"end":{"line":76,"column":17}},"line":69},"14":{"name":"(anonymous_14)","decl":{"start":{"line":71,"column":50},"end":{"line":71,"column":51}},"loc":{"start":{"line":71,"column":84},"end":{"line":71,"column":128}},"line":71},"15":{"name":"(anonymous_15)","decl":{"start":{"line":92,"column":4},"end":{"line":92,"column":5}},"loc":{"start":{"line":92,"column":70},"end":{"line":99,"column":5}},"line":92}},"branchMap":{"0":{"loc":{"start":{"line":14,"column":23},"end":{"line":14,"column":36}},"type":"binary-expr","locations":[{"start":{"line":14,"column":23},"end":{"line":14,"column":30}},{"start":{"line":14,"column":34},"end":{"line":14,"column":36}}],"line":14},"1":{"loc":{"start":{"line":39,"column":8},"end":{"line":44,"column":9}},"type":"if","locations":[{"start":{"line":39,"column":8},"end":{"line":44,"column":9}},{"start":{"line":39,"column":8},"end":{"line":44,"column":9}}],"line":39},"2":{"loc":{"start":{"line":40,"column":46},"end":{"line":40,"column":86}},"type":"cond-expr","locations":[{"start":{"line":40,"column":62},"end":{"line":40,"column":82}},{"start":{"line":40,"column":85},"end":{"line":40,"column":86}}],"line":40},"3":{"loc":{"start":{"line":48,"column":8},"end":{"line":62,"column":9}},"type":"if","locations":[{"start":{"line":48,"column":8},"end":{"line":62,"column":9}},{"start":{"line":48,"column":8},"end":{"line":62,"column":9}}],"line":48},"4":{"loc":{"start":{"line":50,"column":36},"end":{"line":57,"column":19}},"type":"cond-expr","locations":[{"start":{"line":51,"column":18},"end":{"line":56,"column":21}},{"start":{"line":57,"column":18},"end":{"line":57,"column":19}}],"line":50},"5":{"loc":{"start":{"line":52,"column":46},"end":{"line":54,"column":27}},"type":"cond-expr","locations":[{"start":{"line":53,"column":26},"end":{"line":53,"column":114}},{"start":{"line":54,"column":26},"end":{"line":54,"column":27}}],"line":52},"6":{"loc":{"start":{"line":66,"column":8},"end":{"line":82,"column":9}},"type":"if","locations":[{"start":{"line":66,"column":8},"end":{"line":82,"column":9}},{"start":{"line":66,"column":8},"end":{"line":82,"column":9}}],"line":66},"7":{"loc":{"start":{"line":68,"column":42},"end":{"line":77,"column":19}},"type":"cond-expr","locations":[{"start":{"line":69,"column":18},"end":{"line":76,"column":21}},{"start":{"line":77,"column":18},"end":{"line":77,"column":19}}],"line":68},"8":{"loc":{"start":{"line":70,"column":52},"end":{"line":72,"column":27}},"type":"cond-expr","locations":[{"start":{"line":71,"column":26},"end":{"line":71,"column":132}},{"start":{"line":72,"column":26},"end":{"line":72,"column":27}}],"line":70},"9":{"loc":{"start":{"line":98,"column":25},"end":{"line":98,"column":40}},"type":"binary-expr","locations":[{"start":{"line":98,"column":25},"end":{"line":98,"column":34}},{"start":{"line":98,"column":38},"end":{"line":98,"column":40}}],"line":98}},"s":{"0":1,"1":1,"2":3,"3":3,"4":3,"5":3,"6":3,"7":1,"8":0,"9":0,"10":1,"11":5,"12":5,"13":5,"14":1,"15":2,"16":1,"17":2,"18":1,"19":1,"20":2,"21":1,"22":2,"23":1,"24":2,"25":1,"26":1,"27":0,"28":1,"29":1,"30":1,"31":0,"32":0,"33":0,"34":0,"35":0,"36":0,"37":0,"38":0,"39":0,"40":0,"41":0,"42":1,"43":2,"44":2,"45":2,"46":2,"47":2,"48":2,"49":1},"f":{"0":3,"1":0,"2":5,"3":2,"4":1,"5":2,"6":1,"7":2,"8":1,"9":0,"10":0,"11":0,"12":0,"13":0,"14":0,"15":2},"b":{"0":[3,0],"1":[1,1],"2":[1,0],"3":[1,1],"4":[1,0],"5":[0,1],"6":[0,0],"7":[0,0],"8":[0,0],"9":[2,1]},"inputSourceMap":{"version":3,"file":"/home/usuario/P6/src/ejercicio-3.ts","sources":["/home/usuario/P6/src/ejercicio-3.ts"],"names":[],"mappings":";;;AAWA,MAAa,KAAK;IAEL;IACA;IACA;IACA;IAJT,YACS,MAAc,EACd,cAAsB,EACtB,SAAc,EACd,OAAmB;QAHnB,WAAM,GAAN,MAAM,CAAQ;QACd,mBAAc,GAAd,cAAc,CAAQ;QACtB,cAAS,GAAT,SAAS,CAAK;QACd,YAAO,GAAP,OAAO,CAAY;QAE1B,IAAI,CAAC,OAAO,GAAG,OAAO,IAAI,EAAE,CAAC;IAC/B,CAAC;CACF;AATH,sBASG;AAEH,MAAsB,WAA0C,SAAQ,KAAQ;IAE9E,YACE,MAAc,EACd,cAAsB,EACtB,SAAc,EACd,OAAmB;QAEnB,KAAK,CAAC,MAAM,EAAE,cAAc,EAAE,SAAS,CAAC,CAAC;QACzC,IAAI,CAAC,OAAO,GAAG,OAAO,CAAC;IACzB,CAAC;CACF;AAXD,kCAWC;AASD,MAAsB,OAAO;IAElB;IACA;IACA;IAHT,YACS,MAAc,EACd,gBAAwB,EACxB,WAAwB;QAFxB,WAAM,GAAN,MAAM,CAAQ;QACd,qBAAgB,GAAhB,gBAAgB,CAAQ;QACxB,gBAAW,GAAX,WAAW,CAAa;IAC9B,CAAC;CAIL;AATD,0BASC;AAED,MAAa,WAA0C,SAAQ,OAAU;IACvE,mBAAmB,CAAC,WAAmB;QACrC,MAAM,KAAK,GAAG,IAAI,CAAC,WAAW,CAAC,IAAI,CAAC,CAAC,CAAC,EAAE,EAAE,CAAC,CAAC,CAAC,MAAM,KAAK,WAAW,CAAC,CAAC;QACrE,IAAI,KAAK,EAAE;YACT,OAAO,CACL,KAAK,CAAC,SAAS,CAAC,MAAM,GAAG,CAAC,KAAK,CAAC,OAAO,CAAC,CAAC,CAAC,KAAK,CAAC,OAAO,CAAC,MAAM,CAAC,CAAC,CAAC,CAAC,CAAC,CACpE,CAAC;SACH;aAAM;YACL,MAAM,IAAI,KAAK,CACb,cAAc,IAAI,CAAC,MAAM,uCAAuC,WAAW,EAAE,CAC9E,CAAC;SACH;IACH,CAAC;IAED,aAAa,CAAC,WAAmB;QAC/B,MAAM,KAAK,GAAG,IAAI,CAAC,WAAW,CAAC,IAAI,CAAC,CAAC,CAAC,EAAE,EAAE,CAAC,CAAC,CAAC,MAAM,KAAK,WAAW,CAAC,CAAC;QACrE,IAAI,KAAK,EAAE;YACT,MAAM,iBAAiB,GAAG,KAAK,CAAC,SAAS,CAAC,MAAM,CAC9C,CAAC,aAAa,EAAE,OAAO,EAAE,EAAE,CAAC,aAAa,GAAG,OAAO,CAAC,QAAQ,EAC5D,CAAC,CACF,CAAC;YACF,MAAM,eAAe,GAAG,KAAK,CAAC,OAAO;gBACnC,CAAC,CAAC,KAAK,CAAC,OAAO,CAAC,MAAM,CAAC,CAAC,aAAa,EAAE,MAAM,EAAE,EAAE;oBAC7C,MAAM,iBAAiB,GAAG,MAAM,CAAC,SAAS;wBACxC,CAAC,CAAC,MAAM,CAAC,SAAS,CAAC,MAAM,CACrB,CAAC,aAAa,EAAE,OAAO,EAAE,EAAE,CAAC,aAAa,GAAG,OAAO,CAAC,QAAQ,EAC5D,CAAC,CACF;wBACH,CAAC,CAAC,CAAC,CAAC;oBACN,OAAO,aAAa,GAAG,MAAM,CAAC,QAAQ,GAAG,iBAAiB,CAAC;gBAC7D,CAAC,EAAE,CAAC,CAAC;gBACP,CAAC,CAAC,CAAC,CAAC;YACN,OAAO,iBAAiB,GAAG,eAAe,CAAC;SAC5C;aAAM;YACL,MAAM,IAAI,KAAK,CACb,cAAc,IAAI,CAAC,MAAM,uCAAuC,WAAW,EAAE,CAC9E,CAAC;SACH;IACH,CAAC;IAED,mBAAmB,CAAC,WAAmB;QACrC,MAAM,KAAK,GAAG,IAAI,CAAC,WAAW,CAAC,IAAI,CAAC,CAAC,CAAC,EAAE,EAAE,CAAC,CAAC,CAAC,MAAM,KAAK,WAAW,CAAC,CAAC;QACrE,IAAI,KAAK,EAAE;YACT,MAAM,uBAAuB,GAAG,KAAK,CAAC,SAAS,CAAC,MAAM,CACpD,CAAC,mBAAmB,EAAE,OAAO,EAAE,EAAE,CAC/B,mBAAmB,GAAG,OAAO,CAAC,cAAc,EAC9C,CAAC,CACF,CAAC;YACF,MAAM,qBAAqB,GAAG,KAAK,CAAC,OAAO;gBACzC,CAAC,CAAC,KAAK,CAAC,OAAO,CAAC,MAAM,CAAC,CAAC,mBAAmB,EAAE,MAAM,EAAE,EAAE;oBACnD,MAAM,uBAAuB,GAAG,MAAM,CAAC,SAAS;wBAC9C,CAAC,CAAC,MAAM,CAAC,SAAS,CAAC,MAAM,CACrB,CAAC,mBAAmB,EAAE,OAAO,EAAE,EAAE,CAC/B,mBAAmB,GAAG,OAAO,CAAC,cAAc,EAC9C,CAAC,CACF;wBACH,CAAC,CAAC,CAAC,CAAC;oBACN,OAAO,CACL,mBAAmB;wBACnB,MAAM,CAAC,cAAc;wBACrB,uBAAuB,CACxB,CAAC;gBACJ,CAAC,EAAE,CAAC,CAAC;gBACP,CAAC,CAAC,CAAC,CAAC;YACN,OAAO,uBAAuB,GAAG,qBAAqB,CAAC;SACxD;aAAM;YACL,MAAM,IAAI,KAAK,CACb,cAAc,IAAI,CAAC,MAAM,uCAAuC,WAAW,EAAE,CAC9E,CAAC;SACH;IACH,CAAC;CACF;AAvED,kCAuEC;AAUD,MAAa,MAAM;IAER;IACA;IACA;IACA;IACA;IALT,YACS,MAAc,EACd,QAAgB,EAChB,OAAiB,EACjB,cAAsB,EACtB,SAAsB;QAJtB,WAAM,GAAN,MAAM,CAAQ;QACd,aAAQ,GAAR,QAAQ,CAAQ;QAChB,YAAO,GAAP,OAAO,CAAU;QACjB,mBAAc,GAAd,cAAc,CAAQ;QACtB,cAAS,GAAT,SAAS,CAAa;QAE7B,IAAI,CAAC,SAAS,GAAG,SAAS,IAAI,EAAE,CAAC;IACnC,CAAC;IACD,MAAM,CAAU;CACjB;AAXD,wBAWC","sourcesContent":["interface ICancion {\n  nombre: string;\n  duracion: number;\n  generos: string[];\n  single: boolean;\n  reproducciones: number;\n}\n\ninterface ISingle extends ICancion {\n  versiones?: ICancion[];\n}\nexport class Disco<T extends ICancion> implements IDisco<T> {\n    constructor(\n      public nombre: string,\n      public añoPublicacion: number,\n      public canciones: T[],\n      public singles?: ISingle[]\n    ) {\n      this.singles = singles || [];\n    }\n  }\n\nexport abstract class DiscoSingle<T extends ICancion | ISingle> extends Disco<T> {\n  declare singles?: ISingle[];\n  constructor(\n    nombre: string,\n    añoPublicacion: number,\n    canciones: T[],\n    singles?: ISingle[]\n  ) {\n    super(nombre, añoPublicacion, canciones);\n    this.singles = singles;\n  }\n}\n\ninterface IDisco<T extends ICancion | ISingle> {\n  nombre: string;\n  añoPublicacion: number;\n  canciones: T[];\n  singles?: ISingle[];\n}\n\nexport abstract class Artista<T extends ICancion | ISingle> implements IArtista<T> {\n  constructor(\n    public nombre: string,\n    public oyentesMensuales: number,\n    public discografia: IDisco<T>[]\n  ) {}\n  abstract numCancionesEnDisco(discoNombre: string): number;\n  abstract duracionDisco(discoNombre: string): number;\n  abstract reproduccionesDisco(discoNombre: string): number;\n}\n\nexport class ArtistaImpl<T extends ICancion | ISingle> extends Artista<T> {\n  numCancionesEnDisco(discoNombre: string): number {\n    const disco = this.discografia.find((d) => d.nombre === discoNombre);\n    if (disco) {\n      return (\n        disco.canciones.length + (disco.singles ? disco.singles.length : 0)\n      );\n    } else {\n      throw new Error(\n        `El artista ${this.nombre} no tiene un disco o single llamado ${discoNombre}`\n      );\n    }\n  }\n\n  duracionDisco(discoNombre: string): number {\n    const disco = this.discografia.find((d) => d.nombre === discoNombre);\n    if (disco) {\n      const duracionCanciones = disco.canciones.reduce(\n        (totalDuracion, cancion) => totalDuracion + cancion.duracion,\n        0\n      );\n      const duracionSingles = disco.singles\n        ? disco.singles.reduce((totalDuracion, single) => {\n            const duracionVersiones = single.versiones\n              ? single.versiones.reduce(\n                  (totalDuracion, version) => totalDuracion + version.duracion,\n                  0\n                )\n              : 0;\n            return totalDuracion + single.duracion + duracionVersiones;\n          }, 0)\n        : 0;\n      return duracionCanciones + duracionSingles;\n    } else {\n      throw new Error(\n        `El artista ${this.nombre} no tiene un disco o single llamado ${discoNombre}`\n      );\n    }\n  }\n\n  reproduccionesDisco(discoNombre: string): number {\n    const disco = this.discografia.find((d) => d.nombre === discoNombre);\n    if (disco) {\n      const reproduccionesCanciones = disco.canciones.reduce(\n        (totalReproducciones, cancion) =>\n          totalReproducciones + cancion.reproducciones,\n        0\n      );\n      const reproduccionesSingles = disco.singles\n        ? disco.singles.reduce((totalReproducciones, single) => {\n            const reproduccionesVersiones = single.versiones\n              ? single.versiones.reduce(\n                  (totalReproducciones, version) =>\n                    totalReproducciones + version.reproducciones,\n                  0\n                )\n              : 0;\n            return (\n              totalReproducciones +\n              single.reproducciones +\n              reproduccionesVersiones\n            );\n          }, 0)\n        : 0;\n      return reproduccionesCanciones + reproduccionesSingles;\n    } else {\n      throw new Error(\n        `El artista ${this.nombre} no tiene un disco o single llamado ${discoNombre}`\n      );\n    }\n  }\n}\n\ninterface ISingle {\n  nombre: string;\n  duracion: number;\n  generos: string[];\n  reproducciones: number;\n  versiones?: ICancion[];\n}\n\nexport class Single implements ISingle {\n  constructor(\n    public nombre: string,\n    public duracion: number,\n    public generos: string[],\n    public reproducciones: number,\n    public versiones?: ICancion[]\n  ) {\n    this.versiones = versiones || [];\n  }\n  single: boolean;\n}\n\n\n\ninterface IArtista<T extends ICancion | ISingle> {\n  nombre: string;\n  oyentesMensuales: number;\n  discografia: IDisco<T>[];\n}\n"]},"_coverageSchema":"1a1c01bbd47fc00a2c39e90264f33305004495a9","hash":"3d175ced076b8a0edbc8cca323d13692025b862c","contentHash":"8428b1cbb13e7cc859e53e33c7ce95c5c1ed271f78677df318665d706d776ea2"}}